<?xml version="1.0" encoding="UTF-8" ?>
<testsuite tests="10" failures="0" name="umbuy.ApiTest" time="6.542" errors="0" skipped="0">
  <properties>
[...]
</properties>
  <testcase classname="umbuy.ApiTest" name="testCreateAds" time="4.841"/>
  <testcase classname="umbuy.ApiTest" name="testInvalidApi" time="0.029"/>
  <testcase classname="umbuy.ApiTest" name="testGetAds" time="0.592"/>
  <testcase classname="umbuy.ApiTest" name="testGetAdById" time="0.314"/>
  <testcase classname="umbuy.ApiTest" name="testEditAds" time="0.439"/>
  <testcase classname="umbuy.ApiTest" name="testStatusCode_emptyset" time="0.012"/>
  <testcase classname="umbuy.ApiTest" name="testGetAds_emptyset" time="0.037"/>
  <testcase classname="umbuy.ApiTest" name="testDeleteFromEmpty" time="0.021"/>
  <testcase classname="umbuy.ApiTest" name="testGetAdsByUserId" time="0.056"/>
  <testcase classname="umbuy.ApiTest" name="testGetAdsByUserId_nonEmpty" time="0.201"/>
</testsuite>